# Logfile created on 2011-09-29 09:26:34 -0500 by logger.rb/25413
D, [2011-09-29T09:27:20.365399 #2477] DEBUG -- : ["austinstone.org", {"name"=>"Austin Stone site", "project_id"=>"ascc", "dev_repo"=>"/var/www/dev.austinstone.org"}]
D, [2011-09-29T09:27:20.366818 #2477] DEBUG -- : ["forthecity.org", {"name"=>"For the City site", "project_id"=>"ftc", "dev_repo"=>"/var/www/dev.forthecity.org"}]
D, [2011-09-29T09:27:20.672167 #2477] DEBUG -- : ["austinstone.org", {"name"=>"Austin Stone site", "project_id"=>"ascc", "dev_repo"=>"/var/www/dev.austinstone.org"}]
D, [2011-09-29T09:27:20.672969 #2477] DEBUG -- : ["forthecity.org", {"name"=>"For the City site", "project_id"=>"ftc", "dev_repo"=>"/var/www/dev.forthecity.org"}]
D, [2011-09-29T09:27:20.706027 #2477] DEBUG -- : ["austinstone.org", {"name"=>"Austin Stone site", "project_id"=>"ascc", "dev_repo"=>"/var/www/dev.austinstone.org"}]
D, [2011-09-29T09:27:20.706862 #2477] DEBUG -- : ["forthecity.org", {"name"=>"For the City site", "project_id"=>"ftc", "dev_repo"=>"/var/www/dev.forthecity.org"}]
D, [2011-09-29T09:27:20.733015 #2477] DEBUG -- : ["austinstone.org", {"name"=>"Austin Stone site", "project_id"=>"ascc", "dev_repo"=>"/var/www/dev.austinstone.org"}]
D, [2011-09-29T09:27:20.733798 #2477] DEBUG -- : ["forthecity.org", {"name"=>"For the City site", "project_id"=>"ftc", "dev_repo"=>"/var/www/dev.forthecity.org"}]
D, [2011-09-29T09:27:20.750590 #2477] DEBUG -- : ["austinstone.org", {"name"=>"Austin Stone site", "project_id"=>"ascc", "dev_repo"=>"/var/www/dev.austinstone.org"}]
D, [2011-09-29T09:27:20.751480 #2477] DEBUG -- : ["forthecity.org", {"name"=>"For the City site", "project_id"=>"ftc", "dev_repo"=>"/var/www/dev.forthecity.org"}]
D, [2011-09-29T09:28:56.173449 #2785] DEBUG -- : ascc
D, [2011-09-29T09:28:56.174844 #2785] DEBUG -- : ftc
D, [2011-09-29T09:28:56.420283 #2785] DEBUG -- : ascc
D, [2011-09-29T09:28:56.421023 #2785] DEBUG -- : ftc
D, [2011-09-29T09:28:56.459809 #2785] DEBUG -- : ascc
D, [2011-09-29T09:28:56.460574 #2785] DEBUG -- : ftc
D, [2011-09-29T09:28:56.487348 #2785] DEBUG -- : ascc
D, [2011-09-29T09:28:56.488107 #2785] DEBUG -- : ftc
D, [2011-09-29T09:28:56.593265 #2793] DEBUG -- : ascc
D, [2011-09-29T09:28:56.595131 #2793] DEBUG -- : ftc
D, [2011-09-29T09:30:18.522139 #2793] DEBUG -- : ascc
D, [2011-09-29T09:30:18.523023 #2793] DEBUG -- : ftc
D, [2011-09-29T09:30:18.862122 #2793] DEBUG -- : ascc
D, [2011-09-29T09:30:18.862848 #2793] DEBUG -- : ftc
D, [2011-09-29T09:30:19.312701 #2793] DEBUG -- : ascc
D, [2011-09-29T09:30:19.313945 #2793] DEBUG -- : ftc
D, [2011-09-29T09:30:19.332254 #2785] DEBUG -- : ascc
D, [2011-09-29T09:30:19.332999 #2785] DEBUG -- : ftc
D, [2011-09-29T09:30:19.355983 #2793] DEBUG -- : ascc
D, [2011-09-29T09:30:19.356796 #2793] DEBUG -- : ftc
D, [2011-09-29T09:30:19.380524 #2785] DEBUG -- : ascc
D, [2011-09-29T09:30:19.387031 #2785] DEBUG -- : ftc
D, [2011-09-29T09:30:38.560502 #2872] DEBUG -- : ## projects ### {"austinstone.org"=>{"name"=>"Austin Stone site", "project_id"=>"ascc", "dev_repo"=>"/var/www/dev.austinstone.org"}, "forthecity.org"=>{"name"=>"For the City site", "project_id"=>"ftc", "dev_repo"=>"/var/www/dev.forthecity.org"}}
D, [2011-09-29T09:30:38.561599 #2872] DEBUG -- : ascc
D, [2011-09-29T09:30:38.562169 #2872] DEBUG -- : ftc
D, [2011-09-29T09:30:38.812330 #2872] DEBUG -- : ## projects ### {"austinstone.org"=>{"name"=>"Austin Stone site", "project_id"=>"ascc", "dev_repo"=>"/var/www/dev.austinstone.org"}, "forthecity.org"=>{"name"=>"For the City site", "project_id"=>"ftc", "dev_repo"=>"/var/www/dev.forthecity.org"}}
D, [2011-09-29T09:30:38.812741 #2872] DEBUG -- : ascc
D, [2011-09-29T09:30:38.813087 #2872] DEBUG -- : ftc
D, [2011-09-29T09:30:38.846903 #2872] DEBUG -- : ## projects ### {"austinstone.org"=>{"name"=>"Austin Stone site", "project_id"=>"ascc", "dev_repo"=>"/var/www/dev.austinstone.org"}, "forthecity.org"=>{"name"=>"For the City site", "project_id"=>"ftc", "dev_repo"=>"/var/www/dev.forthecity.org"}}
D, [2011-09-29T09:30:38.847477 #2872] DEBUG -- : ascc
D, [2011-09-29T09:30:38.848029 #2872] DEBUG -- : ftc
D, [2011-09-29T09:30:38.863576 #2872] DEBUG -- : ## projects ### {"austinstone.org"=>{"name"=>"Austin Stone site", "project_id"=>"ascc", "dev_repo"=>"/var/www/dev.austinstone.org"}, "forthecity.org"=>{"name"=>"For the City site", "project_id"=>"ftc", "dev_repo"=>"/var/www/dev.forthecity.org"}}
D, [2011-09-29T09:30:38.868168 #2872] DEBUG -- : ascc
D, [2011-09-29T09:30:38.868832 #2872] DEBUG -- : ftc
D, [2011-09-29T09:30:38.893218 #2872] DEBUG -- : ## projects ### {"austinstone.org"=>{"name"=>"Austin Stone site", "project_id"=>"ascc", "dev_repo"=>"/var/www/dev.austinstone.org"}, "forthecity.org"=>{"name"=>"For the City site", "project_id"=>"ftc", "dev_repo"=>"/var/www/dev.forthecity.org"}}
D, [2011-09-29T09:30:38.894545 #2872] DEBUG -- : ascc
D, [2011-09-29T09:30:38.895227 #2872] DEBUG -- : ftc
D, [2011-09-29T09:40:04.865953 #3109] DEBUG -- : nil
D, [2011-09-29T09:40:05.120560 #3109] DEBUG -- : nil
D, [2011-09-29T09:40:05.150459 #3109] DEBUG -- : nil
D, [2011-09-29T09:40:05.180261 #3109] DEBUG -- : nil
D, [2011-09-29T09:40:05.276143 #3117] DEBUG -- : nil
D, [2011-09-29T09:41:20.498243 #3150] DEBUG -- : nil
D, [2011-09-29T09:41:20.835460 #3150] DEBUG -- : nil
D, [2011-09-29T09:41:20.862027 #3150] DEBUG -- : nil
D, [2011-09-29T09:41:20.920193 #3150] DEBUG -- : nil
D, [2011-09-29T09:41:20.985974 #3158] DEBUG -- : nil
D, [2011-09-29T09:42:56.966186 #3193] DEBUG -- : projects: {"ascc"=>{"name"=>"Austin Stone site", "url"=>"austinstone.org", "dev_repo"=>"/var/www/dev.austinstone.org"}, "ftc"=>{"name"=>"For the City site", "url"=>"forthecity.org", "dev_repo"=>"/var/www/dev.forthecity.org"}}
D, [2011-09-29T09:42:56.968037 #3193] DEBUG -- : get_project_by_id: nil
D, [2011-09-29T09:42:57.239956 #3193] DEBUG -- : projects: {"ascc"=>{"name"=>"Austin Stone site", "url"=>"austinstone.org", "dev_repo"=>"/var/www/dev.austinstone.org"}, "ftc"=>{"name"=>"For the City site", "url"=>"forthecity.org", "dev_repo"=>"/var/www/dev.forthecity.org"}}
D, [2011-09-29T09:42:57.240477 #3193] DEBUG -- : get_project_by_id: nil
D, [2011-09-29T09:42:57.266940 #3193] DEBUG -- : projects: {"ascc"=>{"name"=>"Austin Stone site", "url"=>"austinstone.org", "dev_repo"=>"/var/www/dev.austinstone.org"}, "ftc"=>{"name"=>"For the City site", "url"=>"forthecity.org", "dev_repo"=>"/var/www/dev.forthecity.org"}}
D, [2011-09-29T09:42:57.267581 #3193] DEBUG -- : get_project_by_id: nil
D, [2011-09-29T09:42:57.290812 #3193] DEBUG -- : projects: {"ascc"=>{"name"=>"Austin Stone site", "url"=>"austinstone.org", "dev_repo"=>"/var/www/dev.austinstone.org"}, "ftc"=>{"name"=>"For the City site", "url"=>"forthecity.org", "dev_repo"=>"/var/www/dev.forthecity.org"}}
D, [2011-09-29T09:42:57.303165 #3193] DEBUG -- : get_project_by_id: nil
D, [2011-09-29T09:42:57.430836 #3201] DEBUG -- : projects: {"ascc"=>{"name"=>"Austin Stone site", "url"=>"austinstone.org", "dev_repo"=>"/var/www/dev.austinstone.org"}, "ftc"=>{"name"=>"For the City site", "url"=>"forthecity.org", "dev_repo"=>"/var/www/dev.forthecity.org"}}
D, [2011-09-29T09:42:57.431837 #3201] DEBUG -- : get_project_by_id: nil
D, [2011-09-29T09:43:45.008118 #3227] DEBUG -- : ID:  :project_id
D, [2011-09-29T09:43:45.009520 #3227] DEBUG -- : projects: {"ascc"=>{"name"=>"Austin Stone site", "url"=>"austinstone.org", "dev_repo"=>"/var/www/dev.austinstone.org"}, "ftc"=>{"name"=>"For the City site", "url"=>"forthecity.org", "dev_repo"=>"/var/www/dev.forthecity.org"}}
D, [2011-09-29T09:43:45.010152 #3227] DEBUG -- : get_project_by_id: nil
D, [2011-09-29T09:43:45.282765 #3227] DEBUG -- : ID:  :project_id
D, [2011-09-29T09:43:45.283722 #3227] DEBUG -- : projects: {"ascc"=>{"name"=>"Austin Stone site", "url"=>"austinstone.org", "dev_repo"=>"/var/www/dev.austinstone.org"}, "ftc"=>{"name"=>"For the City site", "url"=>"forthecity.org", "dev_repo"=>"/var/www/dev.forthecity.org"}}
D, [2011-09-29T09:43:45.284377 #3227] DEBUG -- : get_project_by_id: nil
D, [2011-09-29T09:43:45.315302 #3227] DEBUG -- : ID:  :project_id
D, [2011-09-29T09:43:45.315967 #3227] DEBUG -- : projects: {"ascc"=>{"name"=>"Austin Stone site", "url"=>"austinstone.org", "dev_repo"=>"/var/www/dev.austinstone.org"}, "ftc"=>{"name"=>"For the City site", "url"=>"forthecity.org", "dev_repo"=>"/var/www/dev.forthecity.org"}}
D, [2011-09-29T09:43:45.316609 #3227] DEBUG -- : get_project_by_id: nil
D, [2011-09-29T09:43:45.375107 #3227] DEBUG -- : ID:  :project_id
D, [2011-09-29T09:43:45.375800 #3227] DEBUG -- : projects: {"ascc"=>{"name"=>"Austin Stone site", "url"=>"austinstone.org", "dev_repo"=>"/var/www/dev.austinstone.org"}, "ftc"=>{"name"=>"For the City site", "url"=>"forthecity.org", "dev_repo"=>"/var/www/dev.forthecity.org"}}
D, [2011-09-29T09:43:45.376227 #3227] DEBUG -- : get_project_by_id: nil
D, [2011-09-29T09:43:45.480805 #3235] DEBUG -- : ID:  :project_id
D, [2011-09-29T09:43:45.482572 #3235] DEBUG -- : projects: {"ascc"=>{"name"=>"Austin Stone site", "url"=>"austinstone.org", "dev_repo"=>"/var/www/dev.austinstone.org"}, "ftc"=>{"name"=>"For the City site", "url"=>"forthecity.org", "dev_repo"=>"/var/www/dev.forthecity.org"}}
D, [2011-09-29T09:43:45.483339 #3235] DEBUG -- : get_project_by_id: nil
D, [2011-09-29T09:44:47.345436 #3274] DEBUG -- : ID:  "ascc"
D, [2011-09-29T09:44:47.346836 #3274] DEBUG -- : projects: {"ascc"=>{"name"=>"Austin Stone site", "url"=>"austinstone.org", "dev_repo"=>"/var/www/dev.austinstone.org"}, "ftc"=>{"name"=>"For the City site", "url"=>"forthecity.org", "dev_repo"=>"/var/www/dev.forthecity.org"}}
D, [2011-09-29T09:44:47.347461 #3274] DEBUG -- : get_project_by_id: {"name"=>"Austin Stone site", "url"=>"austinstone.org", "dev_repo"=>"/var/www/dev.austinstone.org"}
D, [2011-09-29T09:44:47.601714 #3274] DEBUG -- : ID:  "screen.css"
D, [2011-09-29T09:44:47.602554 #3274] DEBUG -- : projects: {"ascc"=>{"name"=>"Austin Stone site", "url"=>"austinstone.org", "dev_repo"=>"/var/www/dev.austinstone.org"}, "ftc"=>{"name"=>"For the City site", "url"=>"forthecity.org", "dev_repo"=>"/var/www/dev.forthecity.org"}}
D, [2011-09-29T09:44:47.603217 #3274] DEBUG -- : get_project_by_id: nil
D, [2011-09-29T09:44:47.624218 #3274] DEBUG -- : ID:  "style.css"
D, [2011-09-29T09:44:47.625029 #3274] DEBUG -- : projects: {"ascc"=>{"name"=>"Austin Stone site", "url"=>"austinstone.org", "dev_repo"=>"/var/www/dev.austinstone.org"}, "ftc"=>{"name"=>"For the City site", "url"=>"forthecity.org", "dev_repo"=>"/var/www/dev.forthecity.org"}}
D, [2011-09-29T09:44:47.641742 #3274] DEBUG -- : get_project_by_id: nil
D, [2011-09-29T09:44:47.703374 #3274] DEBUG -- : ID:  "scripts.js"
D, [2011-09-29T09:44:47.704361 #3274] DEBUG -- : projects: {"ascc"=>{"name"=>"Austin Stone site", "url"=>"austinstone.org", "dev_repo"=>"/var/www/dev.austinstone.org"}, "ftc"=>{"name"=>"For the City site", "url"=>"forthecity.org", "dev_repo"=>"/var/www/dev.forthecity.org"}}
D, [2011-09-29T09:44:47.704947 #3274] DEBUG -- : get_project_by_id: nil
D, [2011-09-29T09:44:47.776668 #3282] DEBUG -- : ID:  "jquery-1.6.4.min.js"
D, [2011-09-29T09:44:47.781649 #3282] DEBUG -- : projects: {"ascc"=>{"name"=>"Austin Stone site", "url"=>"austinstone.org", "dev_repo"=>"/var/www/dev.austinstone.org"}, "ftc"=>{"name"=>"For the City site", "url"=>"forthecity.org", "dev_repo"=>"/var/www/dev.forthecity.org"}}
D, [2011-09-29T09:44:47.782326 #3282] DEBUG -- : get_project_by_id: nil
D, [2011-09-29T09:45:38.370753 #3282] DEBUG -- : ID:  "ascc"
D, [2011-09-29T09:45:38.371701 #3282] DEBUG -- : projects: {"ascc"=>{"name"=>"Austin Stone site", "url"=>"austinstone.org", "dev_repo"=>"/var/www/dev.austinstone.org"}, "ftc"=>{"name"=>"For the City site", "url"=>"forthecity.org", "dev_repo"=>"/var/www/dev.forthecity.org"}}
D, [2011-09-29T09:45:38.372425 #3282] DEBUG -- : get_project_by_id: {"name"=>"Austin Stone site", "url"=>"austinstone.org", "dev_repo"=>"/var/www/dev.austinstone.org"}
D, [2011-09-29T09:45:38.649858 #3282] DEBUG -- : ID:  "screen.css"
D, [2011-09-29T09:45:38.651251 #3282] DEBUG -- : projects: {"ascc"=>{"name"=>"Austin Stone site", "url"=>"austinstone.org", "dev_repo"=>"/var/www/dev.austinstone.org"}, "ftc"=>{"name"=>"For the City site", "url"=>"forthecity.org", "dev_repo"=>"/var/www/dev.forthecity.org"}}
D, [2011-09-29T09:45:38.651873 #3282] DEBUG -- : get_project_by_id: nil
D, [2011-09-29T09:45:38.652967 #3274] DEBUG -- : ID:  "style.css"
D, [2011-09-29T09:45:38.653906 #3274] DEBUG -- : projects: {"ascc"=>{"name"=>"Austin Stone site", "url"=>"austinstone.org", "dev_repo"=>"/var/www/dev.austinstone.org"}, "ftc"=>{"name"=>"For the City site", "url"=>"forthecity.org", "dev_repo"=>"/var/www/dev.forthecity.org"}}
D, [2011-09-29T09:45:38.654563 #3274] DEBUG -- : get_project_by_id: nil
D, [2011-09-29T09:45:38.673095 #3282] DEBUG -- : ID:  "jquery-1.6.4.min.js"
D, [2011-09-29T09:45:38.678363 #3282] DEBUG -- : projects: {"ascc"=>{"name"=>"Austin Stone site", "url"=>"austinstone.org", "dev_repo"=>"/var/www/dev.austinstone.org"}, "ftc"=>{"name"=>"For the City site", "url"=>"forthecity.org", "dev_repo"=>"/var/www/dev.forthecity.org"}}
D, [2011-09-29T09:45:38.678956 #3282] DEBUG -- : get_project_by_id: nil
D, [2011-09-29T09:45:38.681733 #3274] DEBUG -- : ID:  "scripts.js"
D, [2011-09-29T09:45:38.682698 #3274] DEBUG -- : projects: {"ascc"=>{"name"=>"Austin Stone site", "url"=>"austinstone.org", "dev_repo"=>"/var/www/dev.austinstone.org"}, "ftc"=>{"name"=>"For the City site", "url"=>"forthecity.org", "dev_repo"=>"/var/www/dev.forthecity.org"}}
D, [2011-09-29T09:45:38.683140 #3274] DEBUG -- : get_project_by_id: nil
D, [2011-09-29T09:47:00.435748 #3274] DEBUG -- : ID:  "ascc"
D, [2011-09-29T09:47:00.436515 #3274] DEBUG -- : projects: {"ascc"=>{"name"=>"Austin Stone site", "url"=>"austinstone.org", "dev_repo"=>"/var/www/dev.austinstone.org"}, "ftc"=>{"name"=>"For the City site", "url"=>"forthecity.org", "dev_repo"=>"/var/www/dev.forthecity.org"}}
D, [2011-09-29T09:47:00.437089 #3274] DEBUG -- : get_project_by_id: {"name"=>"Austin Stone site", "url"=>"austinstone.org", "dev_repo"=>"/var/www/dev.austinstone.org"}
D, [2011-09-29T09:47:18.222441 #3339] DEBUG -- : ID:  "ascc"
D, [2011-09-29T09:47:18.225585 #3339] DEBUG -- : projects: {"ascc"=>{"name"=>"Austin Stone site", "url"=>"austinstone.org", "dev_repo"=>"/var/www/dev.austinstone.org"}, "ftc"=>{"name"=>"For the City site", "url"=>"forthecity.org", "dev_repo"=>"/var/www/dev.forthecity.org"}}
D, [2011-09-29T09:47:18.226167 #3339] DEBUG -- : get_project_by_id: {"name"=>"Austin Stone site", "url"=>"austinstone.org", "dev_repo"=>"/var/www/dev.austinstone.org"}
D, [2011-09-29T09:48:08.383548 #3339] DEBUG -- : projects: {"ascc"=>{"name"=>"Austin Stone site", "url"=>"austinstone.org", "dev_repo"=>"/var/www/dev.austinstone.org"}, "ftc"=>{"name"=>"For the City site", "url"=>"forthecity.org", "dev_repo"=>"/var/www/dev.forthecity.org"}}
D, [2011-09-29T09:54:11.953730 #3339] DEBUG -- : projects: {"ascc"=>{"name"=>"Austin Stone site", "url"=>"austinstone.org", "dev_repo"=>"/var/www/dev.austinstone.org"}, "ftc"=>{"name"=>"For the City site", "url"=>"forthecity.org", "dev_repo"=>"/var/www/dev.forthecity.org"}}
D, [2011-09-29T09:55:18.572343 #3339] DEBUG -- : projects: {"ascc"=>{"name"=>"Austin Stone site", "url"=>"austinstone.org", "dev_repo"=>"/var/www/dev.austinstone.org"}, "ftc"=>{"name"=>"For the City site", "url"=>"forthecity.org", "dev_repo"=>"/var/www/dev.forthecity.org"}}
D, [2011-09-29T09:56:24.863698 #3339] DEBUG -- : projects: {"ascc"=>{"name"=>"Austin Stone site", "url"=>"austinstone.org", "dev_repo"=>"/var/www/dev.austinstone.org"}, "ftc"=>{"name"=>"For the City site", "url"=>"forthecity.org", "dev_repo"=>"/var/www/dev.forthecity.org"}}
D, [2011-09-29T09:56:42.126921 #3339] DEBUG -- : projects: {"ascc"=>{"name"=>"Austin Stone site", "url"=>"austinstone.org", "dev_repo"=>"/var/www/dev.austinstone.org"}, "ftc"=>{"name"=>"For the City site", "url"=>"forthecity.org", "dev_repo"=>"/var/www/dev.forthecity.org"}}
D, [2011-09-29T09:56:58.500503 #3339] DEBUG -- : projects: {"ascc"=>{"name"=>"Austin Stone site", "url"=>"austinstone.org", "dev_repo"=>"/var/www/dev.austinstone.org"}, "ftc"=>{"name"=>"For the City site", "url"=>"forthecity.org", "dev_repo"=>"/var/www/dev.forthecity.org"}}
D, [2011-09-29T09:57:20.427176 #3339] DEBUG -- : projects: {"ascc"=>{"name"=>"Austin Stone site", "url"=>"austinstone.org", "dev_repo"=>"/var/www/dev.austinstone.org"}, "ftc"=>{"name"=>"For the City site", "url"=>"forthecity.org", "dev_repo"=>"/var/www/dev.forthecity.org"}}
D, [2011-09-29T09:57:53.825969 #3339] DEBUG -- : projects: {"ascc"=>{"name"=>"Austin Stone site", "url"=>"austinstone.org", "dev_repo"=>"/var/www/dev.austinstone.org"}, "ftc"=>{"name"=>"For the City site", "url"=>"forthecity.org", "dev_repo"=>"/var/www/dev.forthecity.org"}}
D, [2011-09-29T10:01:35.390148 #3575] DEBUG -- : projects: {"ascc"=>{"name"=>"Austin Stone site", "url"=>"austinstone.org", "dev_repo"=>"/var/www/dev.austinstone.org"}, "ftc"=>{"name"=>"For the City site", "url"=>"forthecity.org", "dev_repo"=>"/var/www/dev.forthecity.org"}}
D, [2011-09-29T10:01:35.391330 #3575] DEBUG -- : ## @projects class: Hash
D, [2011-09-29T10:02:30.397209 #3575] DEBUG -- : projects: {"ascc"=>{"name"=>"Austin Stone site", "url"=>"austinstone.org", "dev_repo"=>"/var/www/dev.austinstone.org"}, "ftc"=>{"name"=>"For the City site", "url"=>"forthecity.org", "dev_repo"=>"/var/www/dev.forthecity.org"}}
D, [2011-09-29T10:02:30.397956 #3575] DEBUG -- : ## @projects class: Hash
D, [2011-09-29T10:04:08.759433 #3575] DEBUG -- : projects: {"ascc"=>{"name"=>"Austin Stone site", "url"=>"austinstone.org", "dev_repo"=>"/var/www/dev.austinstone.org"}, "ftc"=>{"name"=>"For the City site", "url"=>"forthecity.org", "dev_repo"=>"/var/www/dev.forthecity.org"}}
D, [2011-09-29T10:04:08.760278 #3575] DEBUG -- : ## @projects class: Hash
D, [2011-09-29T10:06:51.598320 #3575] DEBUG -- : projects: {"ascc"=>{"name"=>"Austin Stone site", "url"=>"austinstone.org", "dev_repo"=>"/var/www/dev.austinstone.org"}, "ftc"=>{"name"=>"For the City site", "url"=>"forthecity.org", "dev_repo"=>"/var/www/dev.forthecity.org"}}
D, [2011-09-29T10:06:51.599101 #3575] DEBUG -- : ## @projects class: Hash
D, [2011-09-29T10:07:17.902244 #3575] DEBUG -- : projects: {"ascc"=>{"name"=>"Austin Stone site", "url"=>"austinstone.org", "dev_repo"=>"/var/www/dev.austinstone.org"}, "ftc"=>{"name"=>"For the City site", "url"=>"forthecity.org", "dev_repo"=>"/var/www/dev.forthecity.org"}}
D, [2011-09-29T10:07:17.903135 #3575] DEBUG -- : ## @projects class: Hash
D, [2011-09-29T10:08:26.479001 #3575] DEBUG -- : projects: {"ascc"=>{"name"=>"Austin Stone site", "url"=>"austinstone.org", "dev_repo"=>"/var/www/dev.austinstone.org"}, "ftc"=>{"name"=>"For the City site", "url"=>"forthecity.org", "dev_repo"=>"/var/www/dev.forthecity.org"}}
D, [2011-09-29T10:08:26.479844 #3575] DEBUG -- : ## @projects class: Hash
D, [2011-09-29T10:08:40.233389 #3575] DEBUG -- : projects: {"ascc"=>{"name"=>"Austin Stone site", "url"=>"austinstone.org", "dev_repo"=>"/var/www/dev.austinstone.org"}, "ftc"=>{"name"=>"For the City site", "url"=>"forthecity.org", "dev_repo"=>"/var/www/dev.forthecity.org"}}
D, [2011-09-29T10:08:40.234340 #3575] DEBUG -- : ## @projects class: Hash
D, [2011-09-29T10:08:47.792258 #3575] DEBUG -- : ID:  "ftc"
D, [2011-09-29T10:08:47.793060 #3575] DEBUG -- : projects: {"ascc"=>{"name"=>"Austin Stone site", "url"=>"austinstone.org", "dev_repo"=>"/var/www/dev.austinstone.org"}, "ftc"=>{"name"=>"For the City site", "url"=>"forthecity.org", "dev_repo"=>"/var/www/dev.forthecity.org"}}
D, [2011-09-29T10:08:47.793720 #3575] DEBUG -- : get_project_by_id: {"name"=>"For the City site", "url"=>"forthecity.org", "dev_repo"=>"/var/www/dev.forthecity.org"}
D, [2011-09-29T10:08:50.929094 #3575] DEBUG -- : projects: {"ascc"=>{"name"=>"Austin Stone site", "url"=>"austinstone.org", "dev_repo"=>"/var/www/dev.austinstone.org"}, "ftc"=>{"name"=>"For the City site", "url"=>"forthecity.org", "dev_repo"=>"/var/www/dev.forthecity.org"}}
D, [2011-09-29T10:08:50.929725 #3575] DEBUG -- : ## @projects class: Hash
D, [2011-09-29T10:08:53.869294 #3575] DEBUG -- : ID:  "ascc"
D, [2011-09-29T10:08:53.870253 #3575] DEBUG -- : projects: {"ascc"=>{"name"=>"Austin Stone site", "url"=>"austinstone.org", "dev_repo"=>"/var/www/dev.austinstone.org"}, "ftc"=>{"name"=>"For the City site", "url"=>"forthecity.org", "dev_repo"=>"/var/www/dev.forthecity.org"}}
D, [2011-09-29T10:08:53.870787 #3575] DEBUG -- : get_project_by_id: {"name"=>"Austin Stone site", "url"=>"austinstone.org", "dev_repo"=>"/var/www/dev.austinstone.org"}
D, [2011-09-29T10:08:58.296270 #3575] DEBUG -- : projects: {"ascc"=>{"name"=>"Austin Stone site", "url"=>"austinstone.org", "dev_repo"=>"/var/www/dev.austinstone.org"}, "ftc"=>{"name"=>"For the City site", "url"=>"forthecity.org", "dev_repo"=>"/var/www/dev.forthecity.org"}}
D, [2011-09-29T10:08:58.296941 #3575] DEBUG -- : ## @projects class: Hash
D, [2011-09-29T10:35:52.543983 #4438] DEBUG -- : projects: {"git-test"=>{"name"=>"Testing Git", "url"=>"test.local", "dev_repo"=>"/storage/git/git-test"}, "ftc"=>{"name"=>"For the City site", "url"=>"forthecity.org", "dev_repo"=>"/var/www/dev.forthecity.org"}}
D, [2011-09-29T10:35:52.545082 #4438] DEBUG -- : ## @projects class: Hash
D, [2011-09-29T10:35:58.260619 #4438] DEBUG -- : ID:  "git-test"
D, [2011-09-29T10:35:58.261623 #4438] DEBUG -- : projects: {"git-test"=>{"name"=>"Testing Git", "url"=>"test.local", "dev_repo"=>"/storage/git/git-test"}, "ftc"=>{"name"=>"For the City site", "url"=>"forthecity.org", "dev_repo"=>"/var/www/dev.forthecity.org"}}
D, [2011-09-29T10:35:58.262378 #4438] DEBUG -- : get_project_by_id: {"name"=>"Testing Git", "url"=>"test.local", "dev_repo"=>"/storage/git/git-test"}
D, [2011-09-29T10:40:59.031541 #4438] DEBUG -- : ID:  "git-test"
D, [2011-09-29T10:40:59.032987 #4438] DEBUG -- : projects: {"git-test"=>{"name"=>"Testing Git", "url"=>"test.local", "dev_repo"=>"/storage/git/git-test"}, "ftc"=>{"name"=>"For the City site", "url"=>"forthecity.org", "dev_repo"=>"/var/www/dev.forthecity.org"}}
D, [2011-09-29T10:40:59.034141 #4438] DEBUG -- : get_project_by_id: {"name"=>"Testing Git", "url"=>"test.local", "dev_repo"=>"/storage/git/git-test"}
D, [2011-09-29T10:41:30.208274 #4438] DEBUG -- : ID:  "git-test"
D, [2011-09-29T10:41:30.209594 #4438] DEBUG -- : projects: {"git-test"=>{"name"=>"Testing Git", "url"=>"test.local", "dev_repo"=>"/storage/git/git-test"}, "ftc"=>{"name"=>"For the City site", "url"=>"forthecity.org", "dev_repo"=>"/var/www/dev.forthecity.org"}}
D, [2011-09-29T10:41:30.210401 #4438] DEBUG -- : get_project_by_id: {"name"=>"Testing Git", "url"=>"test.local", "dev_repo"=>"/storage/git/git-test"}
D, [2011-09-29T10:41:44.137798 #4621] DEBUG -- : ID:  "git-test"
D, [2011-09-29T10:41:44.139067 #4621] DEBUG -- : projects: {"git-test"=>{"name"=>"Testing Git", "url"=>"test.local", "dev_repo"=>"/storage/git/git-test"}, "ftc"=>{"name"=>"For the City site", "url"=>"forthecity.org", "dev_repo"=>"/var/www/dev.forthecity.org"}}
D, [2011-09-29T10:41:44.139723 #4621] DEBUG -- : get_project_by_id: {"name"=>"Testing Git", "url"=>"test.local", "dev_repo"=>"/storage/git/git-test"}
D, [2011-09-29T10:43:16.455855 #4676] DEBUG -- : ## dev_repo  /storage/git/git-test
D, [2011-09-29T10:43:16.530752 #4668] DEBUG -- : ## dev_repo  /storage/git/git-test
D, [2011-09-29T10:43:51.591610 #4668] DEBUG -- : ## dev_repo  /storage/git/git-test
D, [2011-09-29T10:44:07.245918 #4668] DEBUG -- : ## dev_repo  /storage/git/git-test
D, [2011-09-29T10:45:32.338798 #4668] DEBUG -- : ## dev_repo  /storage/git/git-test
D, [2011-09-29T10:46:07.984821 #4668] DEBUG -- : ## dev_repo  /storage/git/git-test
D, [2011-09-29T10:48:14.055870 #4668] DEBUG -- : ## dev_repo  /storage/git/git-test
D, [2011-09-29T10:53:39.009163 #4668] DEBUG -- : ## dev_repo  /storage/git/git-test
D, [2011-09-29T10:54:35.254781 #4668] DEBUG -- : ## dev_repo  /storage/git/git-test
D, [2011-09-29T10:54:35.430085 #4668] DEBUG -- : ## dev_repo  /storage/git/git-test
D, [2011-09-29T10:57:52.008213 #4668] DEBUG -- : ## dev_repo  /storage/git/git-test
D, [2011-09-29T10:59:00.448127 #4668] DEBUG -- : ## dev_repo  /storage/git/git-test
D, [2011-09-29T10:59:18.739282 #4668] DEBUG -- : ## dev_repo  /storage/git/git-test
D, [2011-09-29T11:02:36.288362 #4668] DEBUG -- : ## dev_repo  /storage/git/git-test
D, [2011-09-29T11:03:46.353971 #4668] DEBUG -- : ## dev_repo  /storage/git/git-test
D, [2011-09-29T11:04:29.842923 #4668] DEBUG -- : ## dev_repo  /storage/git/git-test
D, [2011-09-29T11:05:03.894439 #4668] DEBUG -- : ## dev_repo  /storage/git/git-test
D, [2011-09-29T11:06:15.890074 #4668] DEBUG -- : ## dev_repo  /storage/git/git-test
D, [2011-09-29T11:06:45.538214 #4668] DEBUG -- : ## dev_repo  /storage/git/git-test
D, [2011-09-29T11:07:52.778242 #4668] DEBUG -- : ## dev_repo  /storage/git/git-test
D, [2011-09-29T11:08:04.981421 #4668] DEBUG -- : ## dev_repo  /storage/git/git-test
D, [2011-09-29T11:08:56.737447 #4668] DEBUG -- : ## dev_repo  /storage/git/git-test
D, [2011-09-29T11:09:25.955628 #4668] DEBUG -- : ## dev_repo  /storage/git/git-test
D, [2011-09-29T11:09:56.259000 #4668] DEBUG -- : ## dev_repo  /storage/git/git-test
D, [2011-09-29T11:11:29.609671 #4668] DEBUG -- : ## dev_repo  /storage/git/git-test
D, [2011-09-29T11:11:54.501176 #4668] DEBUG -- : ## dev_repo  /storage/git/git-test
D, [2011-09-29T11:12:28.902383 #4668] DEBUG -- : ## dev_repo  /storage/git/git-test
D, [2011-09-29T11:12:48.872628 #4668] DEBUG -- : ## dev_repo  /storage/git/git-test
D, [2011-09-29T11:14:26.554725 #4668] DEBUG -- : ## dev_repo  /storage/git/git-test
D, [2011-09-29T11:15:02.487108 #4668] DEBUG -- : ## dev_repo  /storage/git/git-test
D, [2011-09-29T11:26:25.024194 #4668] DEBUG -- : ## dev_repo  /storage/git/git-test
D, [2011-09-29T11:42:39.232944 #5773] DEBUG -- : ## untracked files: ["test1.txt", "test2.txt"]
D, [2011-09-29T11:45:42.933435 #5773] DEBUG -- : ## untracked files: ["test1.txt", "test2.txt"]
D, [2011-09-29T11:48:42.737347 #5913] DEBUG -- : ## untracked files: ["test1.txt", "test2.txt"]
D, [2011-09-29T11:48:42.781745 #5913] DEBUG -- : ## untracked files: ["test.txt"]
D, [2011-09-29T11:53:01.202610 #6000] DEBUG -- : ## untracked files: ["test1.txt", "test2.txt"]
D, [2011-09-29T11:53:01.261836 #6000] DEBUG -- : ## changed files: ["test.txt"]
D, [2011-09-29T11:53:20.111142 #6000] DEBUG -- : ## untracked files: ["test1.txt", "test2.txt"]
D, [2011-09-29T11:53:20.178152 #6000] DEBUG -- : ## changed files: ["test.txt"]
D, [2011-09-29T11:53:38.808946 #6000] DEBUG -- : ## untracked files: ["test1.txt", "test2.txt"]
D, [2011-09-29T11:53:38.853618 #6000] DEBUG -- : ## changed files: ["test.txt"]
D, [2011-09-29T11:54:21.644763 #6000] DEBUG -- : ## untracked files: ["test1.txt", "test2.txt", "stuff/thing.txt"]
D, [2011-09-29T11:54:21.703619 #6000] DEBUG -- : ## changed files: ["test.txt"]
D, [2011-09-29T11:54:45.875093 #6000] DEBUG -- : ## untracked files: ["test1.txt", "test2.txt"]
D, [2011-09-29T11:54:45.926497 #6000] DEBUG -- : ## changed files: ["test.txt"]
D, [2011-09-29T11:55:39.429686 #6000] DEBUG -- : ## untracked files: ["test1.txt", "test2.txt"]
D, [2011-09-29T11:55:39.476718 #6000] DEBUG -- : ## changed files: ["test.txt"]
D, [2011-09-29T11:57:32.581520 #6186] DEBUG -- : ## untracked files: ["test1.txt", "test2.txt"]
D, [2011-09-29T11:57:32.646300 #6186] DEBUG -- : ## changed files: ["test.txt"]
D, [2011-09-29T11:57:32.706621 #6186] DEBUG -- : ## deleted files: ["stuff/thing.txt"]
D, [2011-09-29T11:58:20.807498 #6186] DEBUG -- : ## untracked files: ["test1.txt", "test2.txt"]
D, [2011-09-29T11:58:20.867316 #6186] DEBUG -- : ## changed files: ["test.txt"]
D, [2011-09-29T11:58:20.924402 #6186] DEBUG -- : ## deleted files: ["stuff/thing.txt"]
